{"D:\\React_Native\\MyFitness\\App.js": {"path":"D:\\React_Native\\MyFitness\\App.js","statementMap":{"0":{"start":{"line":35,"column":14},"end":{"line":35,"column":30}},"1":{"start":{"line":38,"column":2},"end":{"line":46,"column":4}},"2":{"start":{"line":43,"column":23},"end":{"line":43,"column":53}},"3":{"start":{"line":49,"column":2},"end":{"line":56,"column":4}},"4":{"start":{"line":59,"column":14},"end":{"line":59,"column":42}},"5":{"start":{"line":62,"column":12},"end":{"line":79,"column":1}},"6":{"start":{"line":63,"column":21},"end":{"line":63,"column":48}},"7":{"start":{"line":65,"column":4},"end":{"line":65,"column":43}},"8":{"start":{"line":68,"column":2},"end":{"line":78,"column":4}},"9":{"start":{"line":81,"column":15},"end":{"line":116,"column":2}}},"fnMap":{"0":{"name":"HomeScreen","decl":{"start":{"line":37,"column":9},"end":{"line":37,"column":19}},"loc":{"start":{"line":37,"column":36},"end":{"line":47,"column":1}},"line":37},"1":{"name":"(anonymous_1)","decl":{"start":{"line":43,"column":17},"end":{"line":43,"column":18}},"loc":{"start":{"line":43,"column":23},"end":{"line":43,"column":53}},"line":43},"2":{"name":"DetailsScreen","decl":{"start":{"line":48,"column":9},"end":{"line":48,"column":22}},"loc":{"start":{"line":48,"column":25},"end":{"line":57,"column":1}},"line":48},"3":{"name":"(anonymous_3)","decl":{"start":{"line":62,"column":12},"end":{"line":62,"column":13}},"loc":{"start":{"line":62,"column":18},"end":{"line":79,"column":1}},"line":62}},"branchMap":{"0":{"loc":{"start":{"line":65,"column":4},"end":{"line":65,"column":43}},"type":"cond-expr","locations":[{"start":{"line":65,"column":17},"end":{"line":65,"column":28}},{"start":{"line":65,"column":31},"end":{"line":65,"column":43}}],"line":65}},"s":{"0":1,"1":3,"2":1,"3":0,"4":1,"5":1,"6":3,"7":3,"8":3,"9":1},"f":{"0":3,"1":1,"2":0,"3":3},"b":{"0":[0,3]},"_coverageSchema":"1a1c01bbd47fc00a2c39e90264f33305004495a9","hash":"2f2fa6dde1a1b6bcf2f2a7df4b147cbd69055eba"}
,"D:\\React_Native\\MyFitness\\store.js": {"path":"D:\\React_Native\\MyFitness\\store.js","statementMap":{"0":{"start":{"line":4,"column":21},"end":{"line":6,"column":1}},"1":{"start":{"line":9,"column":2},"end":{"line":9,"column":45}}},"fnMap":{"0":{"name":"configureStore","decl":{"start":{"line":8,"column":24},"end":{"line":8,"column":38}},"loc":{"start":{"line":8,"column":68},"end":{"line":10,"column":1}},"line":8}},"branchMap":{"0":{"loc":{"start":{"line":8,"column":39},"end":{"line":8,"column":66}},"type":"default-arg","locations":[{"start":{"line":8,"column":54},"end":{"line":8,"column":66}}],"line":8}},"s":{"0":3,"1":4},"f":{"0":4},"b":{"0":[2]},"_coverageSchema":"1a1c01bbd47fc00a2c39e90264f33305004495a9","hash":"2302b9404b846d59d2ecfc5ed05ee4a55de9cef3"}
,"D:\\React_Native\\MyFitness\\test-utils.js": {"path":"D:\\React_Native\\MyFitness\\test-utils.js","statementMap":{"0":{"start":{"line":8,"column":16},"end":{"line":8,"column":71}},"1":{"start":{"line":9,"column":18},"end":{"line":9,"column":65}},"2":{"start":{"line":10,"column":2},"end":{"line":10,"column":31}}},"fnMap":{"0":{"name":"renderWithRedux","decl":{"start":{"line":7,"column":16},"end":{"line":7,"column":31}},"loc":{"start":{"line":7,"column":45},"end":{"line":11,"column":1}},"line":7}},"branchMap":{"0":{"loc":{"start":{"line":8,"column":16},"end":{"line":8,"column":71}},"type":"binary-expr","locations":[{"start":{"line":8,"column":16},"end":{"line":8,"column":30}},{"start":{"line":8,"column":34},"end":{"line":8,"column":71}}],"line":8}},"s":{"0":3,"1":3,"2":3},"f":{"0":3},"b":{"0":[3,3]},"_coverageSchema":"1a1c01bbd47fc00a2c39e90264f33305004495a9","hash":"2404efa7bf1002563e6d189ef42d03857e9cacd7"}
,"D:\\React_Native\\MyFitness\\Services\\database.js": {"path":"D:\\React_Native\\MyFitness\\Services\\database.js","statementMap":{"0":{"start":{"line":3,"column":13},"end":{"line":3,"column":57}},"1":{"start":{"line":6,"column":4},"end":{"line":6,"column":21}},"2":{"start":{"line":7,"column":4},"end":{"line":7,"column":19}},"3":{"start":{"line":9,"column":4},"end":{"line":24,"column":7}},"4":{"start":{"line":10,"column":8},"end":{"line":23,"column":10}},"5":{"start":{"line":14,"column":16},"end":{"line":14,"column":54}},"6":{"start":{"line":15,"column":16},"end":{"line":21,"column":17}},"7":{"start":{"line":16,"column":20},"end":{"line":16,"column":74}},"8":{"start":{"line":17,"column":20},"end":{"line":20,"column":22}},"9":{"start":{"line":26,"column":4},"end":{"line":40,"column":7}},"10":{"start":{"line":27,"column":8},"end":{"line":39,"column":10}},"11":{"start":{"line":31,"column":16},"end":{"line":31,"column":61}},"12":{"start":{"line":32,"column":16},"end":{"line":37,"column":58}},"13":{"start":{"line":33,"column":20},"end":{"line":36,"column":22}},"14":{"start":{"line":37,"column":23},"end":{"line":37,"column":58}}},"fnMap":{"0":{"name":"(anonymous_0)","decl":{"start":{"line":2,"column":32},"end":{"line":2,"column":33}},"loc":{"start":{"line":2,"column":38},"end":{"line":41,"column":1}},"line":2},"1":{"name":"(anonymous_1)","decl":{"start":{"line":9,"column":19},"end":{"line":9,"column":20}},"loc":{"start":{"line":9,"column":34},"end":{"line":24,"column":5}},"line":9},"2":{"name":"(anonymous_2)","decl":{"start":{"line":13,"column":12},"end":{"line":13,"column":13}},"loc":{"start":{"line":13,"column":31},"end":{"line":22,"column":13}},"line":13},"3":{"name":"(anonymous_3)","decl":{"start":{"line":26,"column":19},"end":{"line":26,"column":20}},"loc":{"start":{"line":26,"column":33},"end":{"line":40,"column":5}},"line":26},"4":{"name":"(anonymous_4)","decl":{"start":{"line":30,"column":12},"end":{"line":30,"column":13}},"loc":{"start":{"line":30,"column":29},"end":{"line":38,"column":13}},"line":30}},"branchMap":{"0":{"loc":{"start":{"line":15,"column":16},"end":{"line":21,"column":17}},"type":"if","locations":[{"start":{"line":15,"column":16},"end":{"line":21,"column":17}},{"start":{},"end":{}}],"line":15},"1":{"loc":{"start":{"line":32,"column":16},"end":{"line":37,"column":58}},"type":"if","locations":[{"start":{"line":32,"column":16},"end":{"line":37,"column":58}},{"start":{"line":37,"column":23},"end":{"line":37,"column":58}}],"line":32}},"s":{"0":0,"1":0,"2":0,"3":0,"4":0,"5":0,"6":0,"7":0,"8":0,"9":0,"10":0,"11":0,"12":0,"13":0,"14":0},"f":{"0":0,"1":0,"2":0,"3":0,"4":0},"b":{"0":[0,0],"1":[0,0]},"_coverageSchema":"1a1c01bbd47fc00a2c39e90264f33305004495a9","hash":"85c2dde5d4d4db392813e82353bc6a8a99f4cb7e"}
,"D:\\React_Native\\MyFitness\\actions\\todoActions.js": {"path":"D:\\React_Native\\MyFitness\\actions\\todoActions.js","statementMap":{"0":{"start":{"line":1,"column":23},"end":{"line":6,"column":1}},"1":{"start":{"line":8,"column":23},"end":{"line":11,"column":2}},"2":{"start":{"line":8,"column":34},"end":{"line":11,"column":1}},"3":{"start":{"line":13,"column":26},"end":{"line":16,"column":2}},"4":{"start":{"line":13,"column":35},"end":{"line":16,"column":1}},"5":{"start":{"line":18,"column":26},"end":{"line":21,"column":2}},"6":{"start":{"line":18,"column":37},"end":{"line":21,"column":1}},"7":{"start":{"line":23,"column":26},"end":{"line":25,"column":2}},"8":{"start":{"line":23,"column":33},"end":{"line":25,"column":1}}},"fnMap":{"0":{"name":"(anonymous_0)","decl":{"start":{"line":8,"column":23},"end":{"line":8,"column":24}},"loc":{"start":{"line":8,"column":34},"end":{"line":11,"column":1}},"line":8},"1":{"name":"(anonymous_1)","decl":{"start":{"line":13,"column":26},"end":{"line":13,"column":27}},"loc":{"start":{"line":13,"column":35},"end":{"line":16,"column":1}},"line":13},"2":{"name":"(anonymous_2)","decl":{"start":{"line":18,"column":26},"end":{"line":18,"column":27}},"loc":{"start":{"line":18,"column":37},"end":{"line":21,"column":1}},"line":18},"3":{"name":"(anonymous_3)","decl":{"start":{"line":23,"column":26},"end":{"line":23,"column":27}},"loc":{"start":{"line":23,"column":33},"end":{"line":25,"column":1}},"line":23}},"branchMap":{},"s":{"0":3,"1":3,"2":1,"3":3,"4":1,"5":3,"6":0,"7":3,"8":0},"f":{"0":1,"1":1,"2":0,"3":0},"b":{},"_coverageSchema":"1a1c01bbd47fc00a2c39e90264f33305004495a9","hash":"b1e9508cb7778c04d6241899025e2d586ba4856c"}
,"D:\\React_Native\\MyFitness\\components\\AddTodo.js": {"path":"D:\\React_Native\\MyFitness\\components\\AddTodo.js","statementMap":{"0":{"start":{"line":8,"column":26},"end":{"line":8,"column":44}},"1":{"start":{"line":10,"column":21},"end":{"line":19,"column":3}},"2":{"start":{"line":11,"column":17},"end":{"line":15,"column":5}},"3":{"start":{"line":17,"column":4},"end":{"line":17,"column":24}},"4":{"start":{"line":18,"column":4},"end":{"line":18,"column":16}},"5":{"start":{"line":21,"column":2},"end":{"line":36,"column":4}},"6":{"start":{"line":30,"column":29},"end":{"line":30,"column":39}},"7":{"start":{"line":39,"column":15},"end":{"line":64,"column":2}},"8":{"start":{"line":66,"column":24},"end":{"line":68,"column":2}},"9":{"start":{"line":66,"column":40},"end":{"line":68,"column":1}},"10":{"start":{"line":70,"column":27},"end":{"line":71,"column":43}},"11":{"start":{"line":71,"column":2},"end":{"line":71,"column":43}}},"fnMap":{"0":{"name":"AddTodo","decl":{"start":{"line":7,"column":16},"end":{"line":7,"column":23}},"loc":{"start":{"line":7,"column":31},"end":{"line":37,"column":1}},"line":7},"1":{"name":"(anonymous_1)","decl":{"start":{"line":10,"column":21},"end":{"line":10,"column":22}},"loc":{"start":{"line":10,"column":27},"end":{"line":19,"column":3}},"line":10},"2":{"name":"(anonymous_2)","decl":{"start":{"line":30,"column":22},"end":{"line":30,"column":23}},"loc":{"start":{"line":30,"column":29},"end":{"line":30,"column":39}},"line":30},"3":{"name":"(anonymous_3)","decl":{"start":{"line":66,"column":24},"end":{"line":66,"column":25}},"loc":{"start":{"line":66,"column":40},"end":{"line":68,"column":1}},"line":66},"4":{"name":"(anonymous_4)","decl":{"start":{"line":70,"column":27},"end":{"line":70,"column":28}},"loc":{"start":{"line":71,"column":2},"end":{"line":71,"column":43}},"line":71}},"branchMap":{},"s":{"0":3,"1":3,"2":1,"3":1,"4":1,"5":3,"6":1,"7":2,"8":2,"9":2,"10":2,"11":1},"f":{"0":3,"1":1,"2":1,"3":2,"4":1},"b":{},"_coverageSchema":"1a1c01bbd47fc00a2c39e90264f33305004495a9","hash":"f8d3edb01e2ba28943f29af99dbcb3dd2a514e16"}
,"D:\\React_Native\\MyFitness\\components\\TodoElem.js": {"path":"D:\\React_Native\\MyFitness\\components\\TodoElem.js","statementMap":{"0":{"start":{"line":5,"column":2},"end":{"line":15,"column":4}},"1":{"start":{"line":12,"column":31},"end":{"line":12,"column":48}},"2":{"start":{"line":18,"column":15},"end":{"line":25,"column":2}}},"fnMap":{"0":{"name":"TodoElem","decl":{"start":{"line":4,"column":24},"end":{"line":4,"column":32}},"loc":{"start":{"line":4,"column":53},"end":{"line":16,"column":1}},"line":4},"1":{"name":"(anonymous_1)","decl":{"start":{"line":12,"column":25},"end":{"line":12,"column":26}},"loc":{"start":{"line":12,"column":31},"end":{"line":12,"column":48}},"line":12}},"branchMap":{},"s":{"0":11,"1":1,"2":2},"f":{"0":11,"1":1},"b":{},"_coverageSchema":"1a1c01bbd47fc00a2c39e90264f33305004495a9","hash":"69e41355bd3ddb6c7595cfd36362aab91a55f984"}
,"D:\\React_Native\\MyFitness\\components\\TodoList.js": {"path":"D:\\React_Native\\MyFitness\\components\\TodoList.js","statementMap":{"0":{"start":{"line":9,"column":23},"end":{"line":9,"column":51}},"1":{"start":{"line":9,"column":31},"end":{"line":9,"column":51}},"2":{"start":{"line":11,"column":2},"end":{"line":19,"column":4}},"3":{"start":{"line":14,"column":30},"end":{"line":14,"column":48}},"4":{"start":{"line":16,"column":8},"end":{"line":16,"column":56}},"5":{"start":{"line":22,"column":24},"end":{"line":24,"column":2}},"6":{"start":{"line":22,"column":36},"end":{"line":24,"column":1}},"7":{"start":{"line":26,"column":27},"end":{"line":27,"column":46}},"8":{"start":{"line":27,"column":2},"end":{"line":27,"column":46}}},"fnMap":{"0":{"name":"TodoList","decl":{"start":{"line":8,"column":16},"end":{"line":8,"column":24}},"loc":{"start":{"line":8,"column":32},"end":{"line":20,"column":1}},"line":8},"1":{"name":"(anonymous_1)","decl":{"start":{"line":9,"column":23},"end":{"line":9,"column":24}},"loc":{"start":{"line":9,"column":31},"end":{"line":9,"column":51}},"line":9},"2":{"name":"(anonymous_2)","decl":{"start":{"line":14,"column":20},"end":{"line":14,"column":21}},"loc":{"start":{"line":14,"column":30},"end":{"line":14,"column":48}},"line":14},"3":{"name":"(anonymous_3)","decl":{"start":{"line":15,"column":18},"end":{"line":15,"column":19}},"loc":{"start":{"line":16,"column":8},"end":{"line":16,"column":56}},"line":16},"4":{"name":"(anonymous_4)","decl":{"start":{"line":22,"column":24},"end":{"line":22,"column":25}},"loc":{"start":{"line":22,"column":36},"end":{"line":24,"column":1}},"line":22},"5":{"name":"(anonymous_5)","decl":{"start":{"line":26,"column":27},"end":{"line":26,"column":28}},"loc":{"start":{"line":27,"column":2},"end":{"line":27,"column":46}},"line":27}},"branchMap":{},"s":{"0":3,"1":1,"2":3,"3":11,"4":11,"5":2,"6":3,"7":2,"8":2},"f":{"0":3,"1":1,"2":11,"3":11,"4":3,"5":2},"b":{},"_coverageSchema":"1a1c01bbd47fc00a2c39e90264f33305004495a9","hash":"4ce90cf53e81083a0f2231c17e3502dcd9dea89e"}
,"D:\\React_Native\\MyFitness\\components\\gainage\\Gainage.js": {"path":"D:\\React_Native\\MyFitness\\components\\gainage\\Gainage.js","statementMap":{"0":{"start":{"line":6,"column":16},"end":{"line":8,"column":1}},"1":{"start":{"line":7,"column":2},"end":{"line":7,"column":26}}},"fnMap":{"0":{"name":"(anonymous_0)","decl":{"start":{"line":6,"column":16},"end":{"line":6,"column":17}},"loc":{"start":{"line":6,"column":22},"end":{"line":8,"column":1}},"line":6}},"branchMap":{},"s":{"0":1,"1":1},"f":{"0":1},"b":{},"_coverageSchema":"1a1c01bbd47fc00a2c39e90264f33305004495a9","hash":"e46be6fada4e080e53c3aa63b3563cb0662f8cfc"}
,"D:\\React_Native\\MyFitness\\components\\gainage\\GainageTimer.js": {"path":"D:\\React_Native\\MyFitness\\components\\gainage\\GainageTimer.js","statementMap":{"0":{"start":{"line":5,"column":21},"end":{"line":49,"column":1}},"1":{"start":{"line":6,"column":36},"end":{"line":6,"column":50}},"2":{"start":{"line":7,"column":40},"end":{"line":7,"column":51}},"3":{"start":{"line":8,"column":36},"end":{"line":8,"column":51}},"4":{"start":{"line":10,"column":2},"end":{"line":20,"column":31}},"5":{"start":{"line":11,"column":19},"end":{"line":11,"column":23}},"6":{"start":{"line":12,"column":4},"end":{"line":18,"column":5}},"7":{"start":{"line":13,"column":6},"end":{"line":15,"column":13}},"8":{"start":{"line":14,"column":8},"end":{"line":14,"column":50}},"9":{"start":{"line":14,"column":35},"end":{"line":14,"column":48}},"10":{"start":{"line":16,"column":11},"end":{"line":18,"column":5}},"11":{"start":{"line":17,"column":6},"end":{"line":17,"column":30}},"12":{"start":{"line":19,"column":4},"end":{"line":19,"column":41}},"13":{"start":{"line":19,"column":17},"end":{"line":19,"column":40}},"14":{"start":{"line":22,"column":27},"end":{"line":25,"column":3}},"15":{"start":{"line":23,"column":4},"end":{"line":23,"column":29}},"16":{"start":{"line":24,"column":4},"end":{"line":24,"column":23}},"17":{"start":{"line":27,"column":26},"end":{"line":32,"column":3}},"18":{"start":{"line":28,"column":4},"end":{"line":28,"column":24}},"19":{"start":{"line":29,"column":16},"end":{"line":29,"column":46}},"20":{"start":{"line":30,"column":4},"end":{"line":30,"column":23}},"21":{"start":{"line":31,"column":4},"end":{"line":31,"column":21}},"22":{"start":{"line":34,"column":27},"end":{"line":37,"column":3}},"23":{"start":{"line":35,"column":4},"end":{"line":35,"column":23}},"24":{"start":{"line":36,"column":4},"end":{"line":36,"column":22}},"25":{"start":{"line":38,"column":2},"end":{"line":48,"column":4}},"26":{"start":{"line":53,"column":4},"end":{"line":53,"column":27}},"27":{"start":{"line":54,"column":4},"end":{"line":54,"column":29}}},"fnMap":{"0":{"name":"(anonymous_0)","decl":{"start":{"line":5,"column":21},"end":{"line":5,"column":22}},"loc":{"start":{"line":5,"column":27},"end":{"line":49,"column":1}},"line":5},"1":{"name":"(anonymous_1)","decl":{"start":{"line":10,"column":12},"end":{"line":10,"column":13}},"loc":{"start":{"line":10,"column":18},"end":{"line":20,"column":3}},"line":10},"2":{"name":"(anonymous_2)","decl":{"start":{"line":13,"column":29},"end":{"line":13,"column":30}},"loc":{"start":{"line":13,"column":35},"end":{"line":15,"column":7}},"line":13},"3":{"name":"(anonymous_3)","decl":{"start":{"line":14,"column":23},"end":{"line":14,"column":24}},"loc":{"start":{"line":14,"column":35},"end":{"line":14,"column":48}},"line":14},"4":{"name":"(anonymous_4)","decl":{"start":{"line":19,"column":11},"end":{"line":19,"column":12}},"loc":{"start":{"line":19,"column":17},"end":{"line":19,"column":40}},"line":19},"5":{"name":"(anonymous_5)","decl":{"start":{"line":22,"column":27},"end":{"line":22,"column":28}},"loc":{"start":{"line":22,"column":33},"end":{"line":25,"column":3}},"line":22},"6":{"name":"(anonymous_6)","decl":{"start":{"line":27,"column":26},"end":{"line":27,"column":27}},"loc":{"start":{"line":27,"column":32},"end":{"line":32,"column":3}},"line":27},"7":{"name":"(anonymous_7)","decl":{"start":{"line":34,"column":27},"end":{"line":34,"column":28}},"loc":{"start":{"line":34,"column":33},"end":{"line":37,"column":3}},"line":34},"8":{"name":"(anonymous_8)","decl":{"start":{"line":52,"column":2},"end":{"line":52,"column":3}},"loc":{"start":{"line":52,"column":24},"end":{"line":55,"column":3}},"line":52}},"branchMap":{"0":{"loc":{"start":{"line":12,"column":4},"end":{"line":18,"column":5}},"type":"if","locations":[{"start":{"line":12,"column":4},"end":{"line":18,"column":5}},{"start":{"line":16,"column":11},"end":{"line":18,"column":5}}],"line":12},"1":{"loc":{"start":{"line":16,"column":11},"end":{"line":18,"column":5}},"type":"if","locations":[{"start":{"line":16,"column":11},"end":{"line":18,"column":5}},{"start":{},"end":{}}],"line":16},"2":{"loc":{"start":{"line":16,"column":15},"end":{"line":16,"column":46}},"type":"binary-expr","locations":[{"start":{"line":16,"column":15},"end":{"line":16,"column":25}},{"start":{"line":16,"column":29},"end":{"line":16,"column":46}}],"line":16},"3":{"loc":{"start":{"line":42,"column":7},"end":{"line":42,"column":72}},"type":"binary-expr","locations":[{"start":{"line":42,"column":7},"end":{"line":42,"column":17}},{"start":{"line":42,"column":21},"end":{"line":42,"column":72}}],"line":42},"4":{"loc":{"start":{"line":43,"column":7},"end":{"line":43,"column":69}},"type":"binary-expr","locations":[{"start":{"line":43,"column":7},"end":{"line":43,"column":16}},{"start":{"line":43,"column":20},"end":{"line":43,"column":69}}],"line":43},"5":{"loc":{"start":{"line":44,"column":7},"end":{"line":46,"column":7}},"type":"binary-expr","locations":[{"start":{"line":44,"column":7},"end":{"line":44,"column":17}},{"start":{"line":44,"column":21},"end":{"line":44,"column":38}},{"start":{"line":45,"column":8},"end":{"line":45,"column":59}}],"line":44}},"s":{"0":1,"1":1,"2":1,"3":1,"4":1,"5":1,"6":1,"7":0,"8":0,"9":0,"10":1,"11":0,"12":1,"13":1,"14":1,"15":0,"16":0,"17":1,"18":0,"19":0,"20":0,"21":0,"22":1,"23":0,"24":0,"25":1,"26":0,"27":0},"f":{"0":1,"1":1,"2":0,"3":0,"4":1,"5":0,"6":0,"7":0,"8":0},"b":{"0":[0,1],"1":[0,1],"2":[1,1],"3":[1,1],"4":[1,0],"5":[1,1,0]},"_coverageSchema":"1a1c01bbd47fc00a2c39e90264f33305004495a9","hash":"4778e45b63a947d73161266dd6a86fc2cd2fb158"}
,"D:\\React_Native\\MyFitness\\reducers\\index.js": {"path":"D:\\React_Native\\MyFitness\\reducers\\index.js","statementMap":{},"fnMap":{},"branchMap":{},"s":{},"f":{},"b":{},"_coverageSchema":"1a1c01bbd47fc00a2c39e90264f33305004495a9","hash":"b27bc155c7211db709f057ff7eaabdff3cb82b3c"}
,"D:\\React_Native\\MyFitness\\reducers\\todoReducer.js": {"path":"D:\\React_Native\\MyFitness\\reducers\\todoReducer.js","statementMap":{"0":{"start":{"line":4,"column":2},"end":{"line":26,"column":3}},"1":{"start":{"line":6,"column":6},"end":{"line":6,"column":42}},"2":{"start":{"line":9,"column":6},"end":{"line":9,"column":67}},"3":{"start":{"line":9,"column":36},"end":{"line":9,"column":65}},"4":{"start":{"line":12,"column":6},"end":{"line":19,"column":9}},"5":{"start":{"line":13,"column":8},"end":{"line":18,"column":9}},"6":{"start":{"line":14,"column":10},"end":{"line":17,"column":12}},"7":{"start":{"line":22,"column":6},"end":{"line":22,"column":16}},"8":{"start":{"line":25,"column":6},"end":{"line":25,"column":19}}},"fnMap":{"0":{"name":"todoReducer","decl":{"start":{"line":3,"column":24},"end":{"line":3,"column":35}},"loc":{"start":{"line":3,"column":56},"end":{"line":27,"column":1}},"line":3},"1":{"name":"(anonymous_1)","decl":{"start":{"line":9,"column":26},"end":{"line":9,"column":27}},"loc":{"start":{"line":9,"column":36},"end":{"line":9,"column":65}},"line":9},"2":{"name":"(anonymous_2)","decl":{"start":{"line":12,"column":23},"end":{"line":12,"column":24}},"loc":{"start":{"line":12,"column":33},"end":{"line":19,"column":7}},"line":12}},"branchMap":{"0":{"loc":{"start":{"line":3,"column":36},"end":{"line":3,"column":46}},"type":"default-arg","locations":[{"start":{"line":3,"column":44},"end":{"line":3,"column":46}}],"line":3},"1":{"loc":{"start":{"line":4,"column":2},"end":{"line":26,"column":3}},"type":"switch","locations":[{"start":{"line":5,"column":4},"end":{"line":6,"column":42}},{"start":{"line":8,"column":4},"end":{"line":9,"column":67}},{"start":{"line":11,"column":4},"end":{"line":19,"column":9}},{"start":{"line":21,"column":4},"end":{"line":22,"column":16}},{"start":{"line":24,"column":4},"end":{"line":25,"column":19}}],"line":4},"2":{"loc":{"start":{"line":13,"column":8},"end":{"line":18,"column":9}},"type":"if","locations":[{"start":{"line":13,"column":8},"end":{"line":18,"column":9}},{"start":{},"end":{}}],"line":13}},"s":{"0":12,"1":1,"2":1,"3":4,"4":0,"5":0,"6":0,"7":0,"8":10},"f":{"0":12,"1":4,"2":0},"b":{"0":[6],"1":[1,1,0,0,10],"2":[0,0]},"_coverageSchema":"1a1c01bbd47fc00a2c39e90264f33305004495a9","hash":"6d3d2437eced1753076a013ce4a9b16d8537271b"}
}
