TN:
SF:App.js
FN:37,HomeScreen
FN:43,(anonymous_1)
FN:48,DetailsScreen
FN:62,(anonymous_3)
FNF:4
FNH:3
FNDA:3,HomeScreen
FNDA:1,(anonymous_1)
FNDA:0,DetailsScreen
FNDA:3,(anonymous_3)
DA:35,1
DA:38,3
DA:43,1
DA:49,0
DA:59,1
DA:62,1
DA:63,3
DA:65,3
DA:68,3
DA:81,1
LF:10
LH:9
BRDA:65,0,0,0
BRDA:65,0,1,3
BRF:2
BRH:1
end_of_record
TN:
SF:store.js
FN:8,configureStore
FNF:1
FNH:1
FNDA:4,configureStore
DA:4,3
DA:9,4
LF:2
LH:2
BRDA:8,0,0,2
BRF:1
BRH:1
end_of_record
TN:
SF:test-utils.js
FN:7,renderWithRedux
FNF:1
FNH:1
FNDA:3,renderWithRedux
DA:8,3
DA:9,3
DA:10,3
LF:3
LH:3
BRDA:8,0,0,3
BRDA:8,0,1,3
BRF:2
BRH:2
end_of_record
TN:
SF:Services\database.js
FN:2,(anonymous_0)
FN:9,(anonymous_1)
FN:13,(anonymous_2)
FN:26,(anonymous_3)
FN:30,(anonymous_4)
FNF:5
FNH:0
FNDA:0,(anonymous_0)
FNDA:0,(anonymous_1)
FNDA:0,(anonymous_2)
FNDA:0,(anonymous_3)
FNDA:0,(anonymous_4)
DA:3,0
DA:6,0
DA:7,0
DA:9,0
DA:10,0
DA:14,0
DA:15,0
DA:16,0
DA:17,0
DA:26,0
DA:27,0
DA:31,0
DA:32,0
DA:33,0
DA:37,0
LF:15
LH:0
BRDA:15,0,0,0
BRDA:15,0,1,0
BRDA:32,1,0,0
BRDA:32,1,1,0
BRF:4
BRH:0
end_of_record
TN:
SF:actions\todoActions.js
FN:8,(anonymous_0)
FN:13,(anonymous_1)
FN:18,(anonymous_2)
FN:23,(anonymous_3)
FNF:4
FNH:2
FNDA:1,(anonymous_0)
FNDA:1,(anonymous_1)
FNDA:0,(anonymous_2)
FNDA:0,(anonymous_3)
DA:1,3
DA:8,3
DA:13,3
DA:18,3
DA:23,3
LF:5
LH:5
BRF:0
BRH:0
end_of_record
TN:
SF:components\AddTodo.js
FN:7,AddTodo
FN:10,(anonymous_1)
FN:30,(anonymous_2)
FN:66,(anonymous_3)
FN:70,(anonymous_4)
FNF:5
FNH:5
FNDA:3,AddTodo
FNDA:1,(anonymous_1)
FNDA:1,(anonymous_2)
FNDA:2,(anonymous_3)
FNDA:1,(anonymous_4)
DA:8,3
DA:10,3
DA:11,1
DA:17,1
DA:18,1
DA:21,3
DA:30,1
DA:39,2
DA:66,2
DA:70,2
DA:71,1
LF:11
LH:11
BRF:0
BRH:0
end_of_record
TN:
SF:components\TodoElem.js
FN:4,TodoElem
FN:12,(anonymous_1)
FNF:2
FNH:2
FNDA:11,TodoElem
FNDA:1,(anonymous_1)
DA:5,11
DA:12,1
DA:18,2
LF:3
LH:3
BRF:0
BRH:0
end_of_record
TN:
SF:components\TodoList.js
FN:8,TodoList
FN:9,(anonymous_1)
FN:14,(anonymous_2)
FN:15,(anonymous_3)
FN:22,(anonymous_4)
FN:26,(anonymous_5)
FNF:6
FNH:6
FNDA:3,TodoList
FNDA:1,(anonymous_1)
FNDA:11,(anonymous_2)
FNDA:11,(anonymous_3)
FNDA:3,(anonymous_4)
FNDA:2,(anonymous_5)
DA:9,3
DA:11,3
DA:14,11
DA:16,11
DA:22,3
DA:26,2
DA:27,2
LF:7
LH:7
BRF:0
BRH:0
end_of_record
TN:
SF:components\gainage\Gainage.js
FN:6,(anonymous_0)
FNF:1
FNH:1
FNDA:1,(anonymous_0)
DA:6,1
DA:7,1
LF:2
LH:2
BRF:0
BRH:0
end_of_record
TN:
SF:components\gainage\GainageTimer.js
FN:5,(anonymous_0)
FN:10,(anonymous_1)
FN:13,(anonymous_2)
FN:14,(anonymous_3)
FN:19,(anonymous_4)
FN:22,(anonymous_5)
FN:27,(anonymous_6)
FN:34,(anonymous_7)
FN:52,(anonymous_8)
FNF:9
FNH:3
FNDA:1,(anonymous_0)
FNDA:1,(anonymous_1)
FNDA:0,(anonymous_2)
FNDA:0,(anonymous_3)
FNDA:1,(anonymous_4)
FNDA:0,(anonymous_5)
FNDA:0,(anonymous_6)
FNDA:0,(anonymous_7)
FNDA:0,(anonymous_8)
DA:5,1
DA:6,1
DA:7,1
DA:8,1
DA:10,1
DA:11,1
DA:12,1
DA:13,0
DA:14,0
DA:16,1
DA:17,0
DA:19,1
DA:22,1
DA:23,0
DA:24,0
DA:27,1
DA:28,0
DA:29,0
DA:30,0
DA:31,0
DA:34,1
DA:35,0
DA:36,0
DA:38,1
DA:53,0
DA:54,0
LF:26
LH:13
BRDA:12,0,0,0
BRDA:12,0,1,1
BRDA:16,1,0,0
BRDA:16,1,1,1
BRDA:16,2,0,1
BRDA:16,2,1,1
BRDA:42,3,0,1
BRDA:42,3,1,1
BRDA:43,4,0,1
BRDA:43,4,1,0
BRDA:44,5,0,1
BRDA:44,5,1,1
BRDA:44,5,2,0
BRF:13
BRH:9
end_of_record
TN:
SF:reducers\index.js
FNF:0
FNH:0
LF:0
LH:0
BRF:0
BRH:0
end_of_record
TN:
SF:reducers\todoReducer.js
FN:3,todoReducer
FN:9,(anonymous_1)
FN:12,(anonymous_2)
FNF:3
FNH:2
FNDA:12,todoReducer
FNDA:4,(anonymous_1)
FNDA:0,(anonymous_2)
DA:4,12
DA:6,1
DA:9,4
DA:12,0
DA:13,0
DA:14,0
DA:22,0
DA:25,10
LF:8
LH:4
BRDA:3,0,0,6
BRDA:4,1,0,1
BRDA:4,1,1,1
BRDA:4,1,2,0
BRDA:4,1,3,0
BRDA:4,1,4,10
BRDA:13,2,0,0
BRDA:13,2,1,0
BRF:8
BRH:4
end_of_record
